
> trustfamily-relocation-funnel@0.1.0 build
> next build

Î“Ă»â–“ Next.js 16.1.6 (Turbopack)

  Creating an optimized production build ...
Î“ÂŁĂ´ Compiled successfully in 4.3s
  Running TypeScript ...
  Collecting page data using 15 workers ...
  Generating static pages using 15 workers (0/94) ...
  Generating static pages using 15 workers (23/94) 
  Generating static pages using 15 workers (46/94) 
  Generating static pages using 15 workers (70/94) 
Î“ÂŁĂ´ Generating static pages using 15 workers (94/94) in 2.1s
  Finalizing page optimization ...

Route (app)
Î“Ă¶Ă® Î“ĂąĂŻ /_not-found
Î“Ă¶ÂŁ Î“ĂąĂ… /[locale]
Î“Ă¶Ă© Î“Ă¶ÂŁ /en
Î“Ă¶Ă© Î“Ă¶ÂŁ /pt
Î“Ă¶Ă© Î“Ă¶ÂŁ /de
Î“Ă¶Ă© Î“Ă¶Ă¶ [+3 more paths]
Î“Ă¶ÂŁ Î“ĂąĂ… /[locale]/about
Î“Ă¶Ă© Î“Ă¶ÂŁ /en/about
Î“Ă¶Ă© Î“Ă¶ÂŁ /pt/about
Î“Ă¶Ă© Î“Ă¶ÂŁ /de/about
Î“Ă¶Ă© Î“Ă¶Ă¶ [+3 more paths]
Î“Ă¶ÂŁ Î“ĂąĂ… /[locale]/best-private-and-public-international-schools-portugal-2026
Î“Ă¶Ă© Î“Ă¶ÂŁ /en/best-private-and-public-international-schools-portugal-2026
Î“Ă¶Ă© Î“Ă¶ÂŁ /pt/best-private-and-public-international-schools-portugal-2026
Î“Ă¶Ă© Î“Ă¶ÂŁ /de/best-private-and-public-international-schools-portugal-2026
Î“Ă¶Ă© Î“Ă¶Ă¶ [+3 more paths]
Î“Ă¶ÂŁ Î“ĂąĂ… /[locale]/family-friendly-neighborhoods-portugal
Î“Ă¶Ă© Î“Ă¶ÂŁ /en/family-friendly-neighborhoods-portugal
Î“Ă¶Ă© Î“Ă¶ÂŁ /pt/family-friendly-neighborhoods-portugal
Î“Ă¶Ă© Î“Ă¶ÂŁ /de/family-friendly-neighborhoods-portugal
Î“Ă¶Ă© Î“Ă¶Ă¶ [+3 more paths]
Î“Ă¶ÂŁ Î“ĂąĂ… /[locale]/family-relocation-guide-2026
Î“Ă¶Ă© Î“Ă¶ÂŁ /en/family-relocation-guide-2026
Î“Ă¶Ă© Î“Ă¶ÂŁ /pt/family-relocation-guide-2026
Î“Ă¶Ă© Î“Ă¶ÂŁ /de/family-relocation-guide-2026
Î“Ă¶Ă© Î“Ă¶Ă¶ [+3 more paths]
Î“Ă¶ÂŁ Î“ĂąĂ… /[locale]/neighborhoods/[slug]
Î“Ă¶Ă© Î“Ă¶ÂŁ /en/neighborhoods/cascais
Î“Ă¶Ă© Î“Ă¶ÂŁ /en/neighborhoods/estoril
Î“Ă¶Ă© Î“Ă¶ÂŁ /en/neighborhoods/campodeourique
Î“Ă¶Ă© Î“Ă¶Ă¶ [+27 more paths]
Î“Ă¶ÂŁ Î“ĂąĂ… /[locale]/school-finder
Î“Ă¶Ă© Î“Ă¶ÂŁ /en/school-finder
Î“Ă¶Ă© Î“Ă¶ÂŁ /pt/school-finder
Î“Ă¶Ă© Î“Ă¶ÂŁ /de/school-finder
Î“Ă¶Ă© Î“Ă¶Ă¶ [+3 more paths]
Î“Ă¶ÂŁ Î“ĂąĂ… /[locale]/schools/[slug]
Î“Ă¶Ă© Î“Ă¶ÂŁ /en/schools/st-julians-school
Î“Ă¶Ă© Î“Ă¶ÂŁ /en/schools/tasis-portugal
Î“Ă¶Ă© Î“Ă¶ÂŁ /en/schools/carlucci-american-international-school
Î“Ă¶Ă© Î“Ă¶Ă¶ [+21 more paths]
Î“Ă¶Ă¶ Î“ĂąĂŻ /sitemap.xml


â•žĂ† Proxy (Middleware)

Î“ĂąĂŻ  (Static)  prerendered as static content
Î“ĂąĂ…  (SSG)     prerendered as static HTML (uses generateStaticParams)

